  stdafx.cpp
  Printer.cpp
Printer.cpp(15): error C2653: “Printer”: 不是类或命名空间名称
Printer.cpp(15): error C2065: “LPCWSTR”: 未声明的标识符
Printer.cpp(15): error C2146: 语法错误: 缺少“)”(在标识符“Com”的前面)
Printer.cpp(16): error C2143: 语法错误: 缺少“;”(在“{”的前面)
Printer.cpp(16): error C2447: “{”: 缺少函数标题(是否是老式的形式表?)
Printer.cpp(38): error C2653: “Printer”: 不是类或命名空间名称
Printer.cpp(40): error C2065: “hComm”: 未声明的标识符
Printer.cpp(40): error C3861: “CloseHandle”: 找不到标识符
Printer.cpp(44): error C2653: “Printer”: 不是类或命名空间名称
Printer.cpp(44): error C2065: “LPCWSTR”: 未声明的标识符
Printer.cpp(44): error C2146: 语法错误: 缺少“)”(在标识符“Com”的前面)
Printer.cpp(45): error C2143: 语法错误: 缺少“;”(在“{”的前面)
Printer.cpp(45): error C2447: “{”: 缺少函数标题(是否是老式的形式表?)
Printer.cpp(64): error C2653: “Printer”: 不是类或命名空间名称
Printer.cpp(66): error C2065: “DCB”: 未声明的标识符
Printer.cpp(66): error C2146: 语法错误: 缺少“;”(在标识符“dcb”的前面)
Printer.cpp(66): error C2065: “dcb”: 未声明的标识符
Printer.cpp(67): error C2065: “dcb”: 未声明的标识符
Printer.cpp(68): error C2065: “hComm”: 未声明的标识符
Printer.cpp(68): error C2065: “dcb”: 未声明的标识符
Printer.cpp(68): error C3861: “GetCommState”: 找不到标识符
Printer.cpp(70): error C2065: “FALSE”: 未声明的标识符
Printer.cpp(73): error C2065: “dcb”: 未声明的标识符
Printer.cpp(73): error C2228: “.DCBlength”的左边必须有类/结构/联合
  Printer.cpp(73): note: 类型是“unknown-type”
Printer.cpp(74): error C2065: “dcb”: 未声明的标识符
Printer.cpp(74): error C2228: “.BaudRate”的左边必须有类/结构/联合
  Printer.cpp(74): note: 类型是“unknown-type”
Printer.cpp(75): error C2065: “dcb”: 未声明的标识符
Printer.cpp(75): error C2228: “.Parity”的左边必须有类/结构/联合
  Printer.cpp(75): note: 类型是“unknown-type”
Printer.cpp(75): error C2065: “NOPARITY”: 未声明的标识符
Printer.cpp(76): error C2065: “dcb”: 未声明的标识符
Printer.cpp(76): error C2228: “.fParity”的左边必须有类/结构/联合
  Printer.cpp(76): note: 类型是“unknown-type”
Printer.cpp(77): error C2065: “dcb”: 未声明的标识符
Printer.cpp(77): error C2228: “.StopBits”的左边必须有类/结构/联合
  Printer.cpp(77): note: 类型是“unknown-type”
Printer.cpp(77): error C2065: “ONESTOPBIT”: 未声明的标识符
Printer.cpp(78): error C2065: “dcb”: 未声明的标识符
Printer.cpp(78): error C2228: “.ByteSize”的左边必须有类/结构/联合
  Printer.cpp(78): note: 类型是“unknown-type”
Printer.cpp(79): error C2065: “dcb”: 未声明的标识符
Printer.cpp(79): error C2228: “.fOutxCtsFlow”的左边必须有类/结构/联合
  Printer.cpp(79): note: 类型是“unknown-type”
Printer.cpp(80): error C2065: “dcb”: 未声明的标识符
Printer.cpp(80): error C2228: “.fOutxDsrFlow”的左边必须有类/结构/联合
  Printer.cpp(80): note: 类型是“unknown-type”
Printer.cpp(81): error C2065: “dcb”: 未声明的标识符
Printer.cpp(81): error C2228: “.fDtrControl”的左边必须有类/结构/联合
  Printer.cpp(81): note: 类型是“unknown-type”
Printer.cpp(81): error C2065: “DTR_CONTROL_DISABLE”: 未声明的标识符
Printer.cpp(82): error C2065: “dcb”: 未声明的标识符
Printer.cpp(82): error C2228: “.fDsrSensitivity”的左边必须有类/结构/联合
  Printer.cpp(82): note: 类型是“unknown-type”
Printer.cpp(83): error C2065: “dcb”: 未声明的标识符
Printer.cpp(83): error C2228: “.fRtsControl”的左边必须有类/结构/联合
  Printer.cpp(83): note: 类型是“unknown-type”
Printer.cpp(83): error C2065: “RTS_CONTROL_DISABLE”: 未声明的标识符
Printer.cpp(84): error C2065: “dcb”: 未声明的标识符
Printer.cpp(84): error C2228: “.fOutX”的左边必须有类/结构/联合
  Printer.cpp(84): note: 类型是“unknown-type”
Printer.cpp(85): error C2065: “dcb”: 未声明的标识符
Printer.cpp(85): error C2228: “.fInX”的左边必须有类/结构/联合
  Printer.cpp(85): note: 类型是“unknown-type”
Printer.cpp(87): error C2065: “dcb”: 未声明的标识符
Printer.cpp(87): error C2228: “.fErrorChar”的左边必须有类/结构/联合
  Printer.cpp(87): note: 类型是“unknown-type”
Printer.cpp(88): error C2065: “dcb”: 未声明的标识符
Printer.cpp(88): error C2228: “.fBinary”的左边必须有类/结构/联合
  Printer.cpp(88): note: 类型是“unknown-type”
Printer.cpp(89): error C2065: “dcb”: 未声明的标识符
Printer.cpp(89): error C2228: “.fNull”的左边必须有类/结构/联合
  Printer.cpp(89): note: 类型是“unknown-type”
Printer.cpp(90): error C2065: “dcb”: 未声明的标识符
Printer.cpp(90): error C2228: “.fAbortOnError”的左边必须有类/结构/联合
  Printer.cpp(90): note: 类型是“unknown-type”
Printer.cpp(91): error C2065: “dcb”: 未声明的标识符
Printer.cpp(91): error C2228: “.wReserved”的左边必须有类/结构/联合
  Printer.cpp(91): note: 类型是“unknown-type”
Printer.cpp(92): error C2065: “dcb”: 未声明的标识符
Printer.cpp(92): error C2228: “.XonLim”的左边必须有类/结构/联合
  Printer.cpp(92): note: 类型是“unknown-type”
Printer.cpp(93): error C2065: “dcb”: 未声明的标识符
Printer.cpp(93): error C2228: “.XoffLim”的左边必须有类/结构/联合
  Printer.cpp(93): note: 类型是“unknown-type”
Printer.cpp(94): error C2065: “dcb”: 未声明的标识符
Printer.cpp(94): error C2228: “.XonChar”的左边必须有类/结构/联合
  Printer.cpp(94): note: 类型是“unknown-type”
Printer.cpp(95): error C2065: “dcb”: 未声明的标识符
Printer.cpp(95): error C2228: “.XoffChar”的左边必须有类/结构/联合
  Printer.cpp(95): note: 类型是“unknown-type”
Printer.cpp(96): error C2065: “dcb”: 未声明的标识符
Printer.cpp(96): error C2228: “.EvtChar”的左边必须有类/结构/联合
  Printer.cpp(96): note: 类型是“unknown-type”
Printer.cpp(97): error C2065: “hComm”: 未声明的标识符
Printer.cpp(97): error C2065: “dcb”: 未声明的标识符
Printer.cpp(97): error C3861: “SetCommState”: 找不到标识符
Printer.cpp(98): error C2065: “FALSE”: 未声明的标识符
Printer.cpp(100): error C2065: “TRUE”: 未声明的标识符
Printer.cpp(103): error C2653: “Printer”: 不是类或命名空间名称
Printer.cpp(103): error C2065: “DWORD”: 未声明的标识符
Printer.cpp(103): error C2146: 语法错误: 缺少“)”(在标识符“ReadInterval”的前面)
Printer.cpp(105): error C2143: 语法错误: 缺少“;”(在“{”的前面)
Printer.cpp(105): error C2447: “{”: 缺少函数标题(是否是老式的形式表?)
Printer.cpp(119): error C2653: “Printer”: 不是类或命名空间名称
Printer.cpp(121): error C2065: “TRUE”: 未声明的标识符
Printer.cpp(122): error C2065: “TRUE”: 未声明的标识符
Printer.cpp(123): error C2065: “DWORD”: 未声明的标识符
Printer.cpp(123): error C2146: 语法错误: 缺少“;”(在标识符“dwError”的前面)
Printer.cpp(123): error C2065: “dwError”: 未声明的标识符
Printer.cpp(124): error C2065: “DWORD”: 未声明的标识符
Printer.cpp(124): error C2146: 语法错误: 缺少“;”(在标识符“BytesRead”的前面)
Printer.cpp(124): error C2065: “BytesRead”: 未声明的标识符
Printer.cpp(128): error C2065: “hComm”: 未声明的标识符
Printer.cpp(128): error C2065: “dwError”: 未声明的标识符
Printer.cpp(128): error C2065: “Comstat”: 未声明的标识符
Printer.cpp(128): error C3861: “ClearCommError”: 找不到标识符
Printer.cpp(129): error C2065: “Comstat”: 未声明的标识符
Printer.cpp(129): error C2228: “.cbInQue”的左边必须有类/结构/联合
  Printer.cpp(129): note: 类型是“unknown-type”
Printer.cpp(133): error C2065: “hComm”: 未声明的标识符
Printer.cpp(136): error C2065: “BytesRead”: 未声明的标识符
Printer.cpp(137): error C2065: “OverLapped”: 未声明的标识符
Printer.cpp(133): error C3861: “ReadFile”: 找不到标识符
Printer.cpp(137): fatal error C1003: 错误计数超过 100；正在停止编译
  PrinterSend.cpp
PrinterSend.cpp(38): warning C4267: “参数”: 从“size_t”转换到“int”，可能丢失数据
